Adding ingrediants
Adding ingrediants
Adding ingrediants
Adding ingrediants
Adding ingrediants
Adding ingrediants
Adding ingrediants
Adding Fruit strawberry
Adding ingrediants strawberry
Adding ingrediants Fruit banana
Adding ingrediants Fruit strawberry
pouring...
pouring...
pouring...
pouring...
pouring...
blending...
Adding ingrediants Fruit banana
Adding ingrediants Fruit pineapple
Adding ingrediants Milk light
blending...
pouring...
Adding ingrediants Fruit banana
Adding ingrediants Fruit blueberries
Adding ingrediants Fruit mango
Adding ingrediants Milk normal
blending...
pouring...
Adding ingrediants Fruit banana
Adding ingrediants Fruit banana
Adding ingrediants Fruit orange
Adding ingrediants Fruit blueberries
Adding ingrediants Fruit mango
Adding ingrediants Milk oat milk
blending...
pouring...
Adding ingrediants Fruit banana
Adding ingrediants Fruit strawberry
Adding ingrediants Fruit apple
Adding ingrediants Milk oat milk
blending...
pouring...
Adding ingrediants Fruit banana
Adding ingrediants Fruit strawberry
Adding ingrediants Fruit orange
Adding ingrediants Fruit blueberries
Adding ingrediants Fruit apple
Adding ingrediants Fruit cherry
Adding ingrediants Fruit mango
Adding ingrediants Fruit pineapple
Adding ingrediants Milk oat milk
blending...
pouring...
Adding ingrediants Fruit banana
Adding ingrediants Fruit strawberry
Adding ingrediants Fruit blueberries
Adding ingrediants Fruit orange
Adding ingrediants Fruit apple
Adding ingrediants Fruit mango
blending...
Adding ingrediants Fruit banana
Adding ingrediants Fruit strawberry
Adding ingrediants Fruit orange
blending...
Adding ingrediants Fruit banana
Adding ingrediants Fruit strawberry
Adding ingrediants Fruit orange
blending...
Adding ingrediants Fruit banana
Adding ingrediants Fruit blueberries
blending...
Adding ingrediants Fruit banana
blending...
Adding ingrediants Fruit banana
Adding ingrediants Fruit strawberry
Adding ingrediants Fruit blueberries
blending...
Adding ingrediants Fruit strawberry
Adding ingrediants Fruit cherry
Adding ingrediants Fruit banana
Adding ingrediants Fruit blueberries
Adding ingrediants Milk light
Adding ingrediants Fruit banana
Adding ingrediants Fruit strawberry
Adding ingrediants Milk light
Adding ingrediants Sugar white
Adding ingrediants Fruit banana
Adding ingrediants Sugar white
Adding ingrediants Fruit banana
Adding ingrediants Fruit strawberry
Adding ingrediants Fruit banana
Adding ingrediants Fruit strawberry
Adding ingrediants Fruit banana
Adding ingrediants Fruit apple
Adding ingrediants Milk light
Adding ingrediants Fruit banana
Adding ingrediants Milk oat milk
Adding ingrediants Fruit banana
Adding ingrediants Fruit blueberries
Adding ingrediants Milk light
blending...
blending...
blending...
blending...
Adding ingrediants Fruit banana
blending...
blending...
Adding ingrediants Fruit banana
Adding ingrediants Fruit pineapple
Adding ingrediants Fruit cherry
Adding ingrediants Fruit banana
Adding ingrediants Milk light
Adding ingrediants Fruit pineapple
Adding ingrediants Milk light
blending...
pouring...
pouring...
blending...
blending...
Adding ingrediants Fruit banana
Adding ingrediants Fruit strawberry
blending...
pouring...
Adding ingrediants Fruit banana
blending...
pouring...
Adding ingrediants Fruit banana
Adding ingrediants Fruit blueberries
Adding ingrediants Milk light
blending...
pouring...
Adding ingrediants Fruit banana
blending...
pouring...
Adding ingrediants Fruit banana
Adding ingrediants Fruit blueberries
Adding ingrediants Milk light
blending...
pouring...
Adding ingrediants Fruit banana
Adding ingrediants Fruit strawberry
Adding ingrediants Fruit orange
Adding ingrediants Milk light
blending...
pouring...
Adding ingrediants Fruit banana
Adding ingrediants Fruit strawberry
Adding ingrediants Fruit blueberries
Adding ingrediants Milk light
blending...
pouring...
Adding ingrediants Fruit banana
Adding ingrediants Fruit strawberry
Adding ingrediants Milk light
blending...
pouring...
Adding ingrediants Fruit banana
Adding ingrediants Fruit strawberry
Adding ingrediants Fruit blueberries
Adding ingrediants Milk light
blending...
pouring...
Adding ingrediants Fruit banana
Adding ingrediants Fruit strawberry
Adding ingrediants Milk light
blending...
pouring...
pouring...
Adding ingrediants Fruit banana
Adding ingrediants Milk light
blending...
pouring...
Adding ingrediants Fruit banana
Adding ingrediants Fruit strawberry
blending...
pouring...
Adding ingrediants Fruit banana
Adding ingrediants Fruit strawberry
Adding ingrediants Milk light
blending...
pouring...
pouring...
Adding ingrediants Fruit banana
Adding ingrediants Milk light
blending...
pouring...
Adding ingrediants Fruit banana
Adding ingrediants Fruit strawberry
Adding ingrediants Milk light
blending...
pouring...
Adding ingrediants Fruit banana
Adding ingrediants Milk light
blending...
pouring...
Adding ingrediants Fruit banana
Adding ingrediants Milk light
blending...
pouring...
Adding ingrediants Fruit banana
Adding ingrediants Milk light
blending...
pouring...
blending...
blending...
Adding ingrediants Fruit banana
Adding ingrediants Milk light
blending...
pouring...
